c:\users\afranklin\desktop\daniel goodman\rufus-2.18\x86_32\debug\libcdio-driver\libcdio-driver.pdb
c:\users\afranklin\desktop\daniel goodman\rufus-2.18\x86_32\debug\libcdio-driver\libcdio-driver.idb
c:\users\afranklin\desktop\daniel goodman\rufus-2.18\x86_32\debug\libcdio-driver\disc.obj
c:\users\afranklin\desktop\daniel goodman\rufus-2.18\x86_32\debug\libcdio-driver\ds.obj
c:\users\afranklin\desktop\daniel goodman\rufus-2.18\x86_32\debug\libcdio-driver\logging.obj
c:\users\afranklin\desktop\daniel goodman\rufus-2.18\x86_32\debug\libcdio-driver\memory.obj
c:\users\afranklin\desktop\daniel goodman\rufus-2.18\x86_32\debug\libcdio-driver\read.obj
c:\users\afranklin\desktop\daniel goodman\rufus-2.18\x86_32\debug\libcdio-driver\sector.obj
c:\users\afranklin\desktop\daniel goodman\rufus-2.18\x86_32\debug\libcdio-driver\track.obj
c:\users\afranklin\desktop\daniel goodman\rufus-2.18\x86_32\debug\libcdio-driver\utf8.obj
c:\users\afranklin\desktop\daniel goodman\rufus-2.18\x86_32\debug\libcdio-driver\util.obj
c:\users\afranklin\desktop\daniel goodman\rufus-2.18\x86_32\debug\libcdio-driver\_cdio_stdio.obj
c:\users\afranklin\desktop\daniel goodman\rufus-2.18\x86_32\debug\libcdio-driver\_cdio_stream.obj
c:\users\afranklin\desktop\daniel goodman\rufus-2.18\x86_32\debug\libcdio-driver.lib
c:\users\afranklin\desktop\daniel goodman\rufus-2.18\x86_32\debug\libcdio-driver.pdb
c:\users\afranklin\desktop\daniel goodman\rufus-2.18\x86_32\debug\libcdio-driver\libcdio-driver.tlog\cl.command.1.tlog
c:\users\afranklin\desktop\daniel goodman\rufus-2.18\x86_32\debug\libcdio-driver\libcdio-driver.tlog\cl.read.1.tlog
c:\users\afranklin\desktop\daniel goodman\rufus-2.18\x86_32\debug\libcdio-driver\libcdio-driver.tlog\cl.write.1.tlog
c:\users\afranklin\desktop\daniel goodman\rufus-2.18\x86_32\debug\libcdio-driver\libcdio-driver.tlog\lib-link.read.1.tlog
c:\users\afranklin\desktop\daniel goodman\rufus-2.18\x86_32\debug\libcdio-driver\libcdio-driver.tlog\lib-link.write.1.tlog
c:\users\afranklin\desktop\daniel goodman\rufus-2.18\x86_32\debug\libcdio-driver\libcdio-driver.tlog\lib.command.1.tlog
