c:\users\afranklin\desktop\daniel goodman\rufus-2.18\arm\debug\rufus\drive.obj
c:\users\afranklin\desktop\daniel goodman\rufus-2.18\arm\debug\rufus\iso.obj
c:\users\afranklin\desktop\daniel goodman\rufus-2.18\arm\debug\rufus\smart.obj
c:\users\afranklin\desktop\daniel goodman\rufus-2.18\arm\debug\rufus\stdlg.obj
c:\users\afranklin\desktop\daniel goodman\rufus-2.18\arm\debug\rufus\format.obj
c:\users\afranklin\desktop\daniel goodman\rufus-2.18\arm\debug\rufus\localization.obj
c:\users\afranklin\desktop\daniel goodman\rufus-2.18\arm\debug\rufus\parser.obj
c:\users\afranklin\desktop\daniel goodman\rufus-2.18\arm\debug\rufus\checksum.obj
c:\users\afranklin\desktop\daniel goodman\rufus-2.18\arm\debug\rufus\stdio.obj
c:\users\afranklin\desktop\daniel goodman\rufus-2.18\arm\debug\rufus\vhd.obj
c:\users\afranklin\desktop\daniel goodman\rufus-2.18\arm\debug\rufus\dos_locale.obj
c:\users\afranklin\desktop\daniel goodman\rufus-2.18\arm\debug\rufus\dos.obj
c:\users\afranklin\desktop\daniel goodman\rufus-2.18\arm\debug\rufus\net.obj
c:\users\afranklin\desktop\daniel goodman\rufus-2.18\arm\debug\rufus\rufus.obj
c:\users\afranklin\desktop\daniel goodman\rufus-2.18\arm\debug\rufus\syslinux.obj
c:\users\afranklin\desktop\daniel goodman\rufus-2.18\arm\debug\rufus\badblocks.obj
c:\users\afranklin\desktop\daniel goodman\rufus-2.18\arm\debug\rufus\icon.obj
c:\users\afranklin\desktop\daniel goodman\rufus-2.18\arm\debug\rufus\pki.obj
c:\users\afranklin\desktop\daniel goodman\rufus-2.18\arm\debug\rufus\stdfn.obj
c:\users\afranklin\desktop\daniel goodman\rufus-2.18\arm\debug\rufus\dev.obj
c:\users\afranklin\desktop\daniel goodman\rufus-2.18\arm\debug\rufus\vc141.pdb
c:\users\afranklin\desktop\daniel goodman\rufus-2.18\arm\debug\rufus\rufus.tlog\cl.command.1.tlog
c:\users\afranklin\desktop\daniel goodman\rufus-2.18\arm\debug\rufus\rufus.tlog\cl.read.1.tlog
c:\users\afranklin\desktop\daniel goodman\rufus-2.18\arm\debug\rufus\rufus.tlog\cl.write.1.tlog
