c:\users\afranklin\desktop\daniel goodman\rufus-2.18\x86_32\debug\bled\bled.pdb
c:\users\afranklin\desktop\daniel goodman\rufus-2.18\x86_32\debug\bled\bled.idb
c:\users\afranklin\desktop\daniel goodman\rufus-2.18\x86_32\debug\bled\decompress_bunzip2.obj
c:\users\afranklin\desktop\daniel goodman\rufus-2.18\x86_32\debug\bled\decompress_gunzip.obj
c:\users\afranklin\desktop\daniel goodman\rufus-2.18\x86_32\debug\bled\decompress_uncompress.obj
c:\users\afranklin\desktop\daniel goodman\rufus-2.18\x86_32\debug\bled\decompress_unlzma.obj
c:\users\afranklin\desktop\daniel goodman\rufus-2.18\x86_32\debug\bled\decompress_unxz.obj
c:\users\afranklin\desktop\daniel goodman\rufus-2.18\x86_32\debug\bled\decompress_unzip.obj
c:\users\afranklin\desktop\daniel goodman\rufus-2.18\x86_32\debug\bled\filter_accept_all.obj
c:\users\afranklin\desktop\daniel goodman\rufus-2.18\x86_32\debug\bled\filter_accept_list.obj
c:\users\afranklin\desktop\daniel goodman\rufus-2.18\x86_32\debug\bled\filter_accept_reject_list.obj
c:\users\afranklin\desktop\daniel goodman\rufus-2.18\x86_32\debug\bled\find_list_entry.obj
c:\users\afranklin\desktop\daniel goodman\rufus-2.18\x86_32\debug\bled\header_list.obj
c:\users\afranklin\desktop\daniel goodman\rufus-2.18\x86_32\debug\bled\header_skip.obj
c:\users\afranklin\desktop\daniel goodman\rufus-2.18\x86_32\debug\bled\header_verbose_list.obj
c:\users\afranklin\desktop\daniel goodman\rufus-2.18\x86_32\debug\bled\init_handle.obj
c:\users\afranklin\desktop\daniel goodman\rufus-2.18\x86_32\debug\bled\open_transformer.obj
c:\users\afranklin\desktop\daniel goodman\rufus-2.18\x86_32\debug\bled\seek_by_jump.obj
c:\users\afranklin\desktop\daniel goodman\rufus-2.18\x86_32\debug\bled\seek_by_read.obj
c:\users\afranklin\desktop\daniel goodman\rufus-2.18\x86_32\debug\bled\xz_dec_bcj.obj
c:\users\afranklin\desktop\daniel goodman\rufus-2.18\x86_32\debug\bled\xz_dec_lzma2.obj
c:\users\afranklin\desktop\daniel goodman\rufus-2.18\x86_32\debug\bled\xz_dec_stream.obj
c:\users\afranklin\desktop\daniel goodman\rufus-2.18\x86_32\debug\bled\bled.obj
c:\users\afranklin\desktop\daniel goodman\rufus-2.18\x86_32\debug\bled\crc32.obj
c:\users\afranklin\desktop\daniel goodman\rufus-2.18\x86_32\debug\bled\data_align.obj
c:\users\afranklin\desktop\daniel goodman\rufus-2.18\x86_32\debug\bled\data_extract_all.obj
c:\users\afranklin\desktop\daniel goodman\rufus-2.18\x86_32\debug\bled\data_skip.obj
c:\users\afranklin\desktop\daniel goodman\rufus-2.18\x86_32\debug\bled.lib
c:\users\afranklin\desktop\daniel goodman\rufus-2.18\x86_32\debug\bled.pdb
c:\users\afranklin\desktop\daniel goodman\rufus-2.18\x86_32\debug\bled\bled.tlog\cl.command.1.tlog
c:\users\afranklin\desktop\daniel goodman\rufus-2.18\x86_32\debug\bled\bled.tlog\cl.read.1.tlog
c:\users\afranklin\desktop\daniel goodman\rufus-2.18\x86_32\debug\bled\bled.tlog\cl.write.1.tlog
c:\users\afranklin\desktop\daniel goodman\rufus-2.18\x86_32\debug\bled\bled.tlog\lib-link.read.1.tlog
c:\users\afranklin\desktop\daniel goodman\rufus-2.18\x86_32\debug\bled\bled.tlog\lib-link.write.1.tlog
c:\users\afranklin\desktop\daniel goodman\rufus-2.18\x86_32\debug\bled\bled.tlog\lib.command.1.tlog
