c:\users\afranklin\desktop\daniel goodman\rufus-2.18\arm\debug\ms-sys\ms-sys.pdb
c:\users\afranklin\desktop\daniel goodman\rufus-2.18\arm\debug\ms-sys\ms-sys.idb
c:\users\afranklin\desktop\daniel goodman\rufus-2.18\arm\debug\ms-sys\br.nativecodeanalysis.xml
c:\users\afranklin\desktop\daniel goodman\rufus-2.18\arm\debug\ms-sys\fat12.nativecodeanalysis.xml
c:\users\afranklin\desktop\daniel goodman\rufus-2.18\arm\debug\ms-sys\fat16.nativecodeanalysis.xml
c:\users\afranklin\desktop\daniel goodman\rufus-2.18\arm\debug\ms-sys\fat32.nativecodeanalysis.xml
c:\users\afranklin\desktop\daniel goodman\rufus-2.18\arm\debug\ms-sys\file.nativecodeanalysis.xml
c:\users\afranklin\desktop\daniel goodman\rufus-2.18\arm\debug\ms-sys\ntfs.nativecodeanalysis.xml
c:\users\afranklin\desktop\daniel goodman\rufus-2.18\arm\debug\ms-sys\partition_info.nativecodeanalysis.xml
c:\users\afranklin\desktop\daniel goodman\rufus-2.18\arm\debug\ms-sys\partition_info.obj
c:\users\afranklin\desktop\daniel goodman\rufus-2.18\arm\debug\ms-sys\ntfs.obj
c:\users\afranklin\desktop\daniel goodman\rufus-2.18\arm\debug\ms-sys\file.obj
c:\users\afranklin\desktop\daniel goodman\rufus-2.18\arm\debug\ms-sys\fat32.obj
c:\users\afranklin\desktop\daniel goodman\rufus-2.18\arm\debug\ms-sys\fat16.obj
c:\users\afranklin\desktop\daniel goodman\rufus-2.18\arm\debug\ms-sys\fat12.obj
c:\users\afranklin\desktop\daniel goodman\rufus-2.18\arm\debug\ms-sys\br.obj
c:\users\afranklin\desktop\daniel goodman\rufus-2.18\arm\debug\ms-sys\ms-sys.tlog\cl.command.1.tlog
c:\users\afranklin\desktop\daniel goodman\rufus-2.18\arm\debug\ms-sys\ms-sys.tlog\cl.read.1.tlog
c:\users\afranklin\desktop\daniel goodman\rufus-2.18\arm\debug\ms-sys\ms-sys.tlog\cl.write.1.tlog
c:\users\afranklin\desktop\daniel goodman\rufus-2.18\arm\debug\ms-sys\ms-sys.tlog\lib-link.read.1.tlog
c:\users\afranklin\desktop\daniel goodman\rufus-2.18\arm\debug\ms-sys\ms-sys.tlog\lib-link.write.1.tlog
c:\users\afranklin\desktop\daniel goodman\rufus-2.18\arm\debug\ms-sys\ms-sys.tlog\lib.command.1.tlog
